Arguments: 
  /Users/metayan/.nvm/versions/node/v18.16.0/bin/node /Users/metayan/.nvm/versions/node/v18.16.0/bin/yarn add genhtml

PATH: 
  /opt/anaconda3/bin:/opt/anaconda3/condabin:/Users/metayan/Library/pnpm:/Users/metayan/.nvm/versions/node/v18.16.0/bin:/Users/metayan/.nix-profile/bin:/nix/var/nix/profiles/default/bin:/Library/Frameworks/Python.framework/Versions/3.12/bin:/Library/Frameworks/Python.framework/Versions/3.10/bin:/opt/homebrew/bin:/opt/homebrew/sbin:/usr/local/bin:/usr/bin:/bin:/usr/sbin:/sbin:/Users/metayan/.cargo/bin:/Users/metayan/.foundry/bin:/Users/metayan/.foundry/bin

Yarn version: 
  1.22.19

Node version: 
  18.16.0

Platform: 
  darwin arm64

Trace: 
  Error: https://registry.yarnpkg.com/genhtml: Not found
      at params.callback [as _callback] (/Users/metayan/.nvm/versions/node/v18.16.0/lib/node_modules/yarn/lib/cli.js:66145:18)
      at self.callback (/Users/metayan/.nvm/versions/node/v18.16.0/lib/node_modules/yarn/lib/cli.js:140890:22)
      at Request.emit (node:events:513:28)
      at Request.<anonymous> (/Users/metayan/.nvm/versions/node/v18.16.0/lib/node_modules/yarn/lib/cli.js:141862:10)
      at Request.emit (node:events:513:28)
      at IncomingMessage.<anonymous> (/Users/metayan/.nvm/versions/node/v18.16.0/lib/node_modules/yarn/lib/cli.js:141784:12)
      at Object.onceWrapper (node:events:627:28)
      at IncomingMessage.emit (node:events:525:35)
      at endReadableNT (node:internal/streams/readable:1359:12)
      at process.processTicksAndRejections (node:internal/process/task_queues:82:21)

npm manifest: 
  {
    "dependencies": {
      "@openzeppelin/contracts": "^5.0.2",
      "lcov": "^1.16.0"
    }
  }

yarn manifest: 
  No manifest

Lockfile: 
  # THIS IS AN AUTOGENERATED FILE. DO NOT EDIT THIS FILE DIRECTLY.
  # yarn lockfile v1
  
  
  "@openzeppelin/contracts@^5.0.2":
    version "5.0.2"
    resolved "https://registry.yarnpkg.com/@openzeppelin/contracts/-/contracts-5.0.2.tgz#b1d03075e49290d06570b2fd42154d76c2a5d210"
    integrity sha512-ytPc6eLGcHHnapAZ9S+5qsdomhjo6QBHTDRRBFfTxXIpsicMhVPouPgmUPebZZZGX7vt9USA+Z+0M0dSVtSUEA==
  
  lcov@^1.16.0:
    version "1.16.0"
    resolved "https://registry.yarnpkg.com/lcov/-/lcov-1.16.0.tgz#db7d17a33a24744a58aae9daacb94d4539ae228d"
    integrity sha512-pEUuvik5O5xPeB3z1z8cFWCGtugnPHwR5YhGd1Er6dJqHRb1X/Gvn2ZBbmWn9lVEAf1ivFsR/JGCsVrPBgPy+A==
